---- FORM SUBMISSION RECEIVED ----
request.form: {'trust_reg_number': '111111/2025', 'trust_name': 'ABC TRUST', 'tax_number': '2222222222', 'nature_of_person': 'INTERVIVOS_TRUST', 'trust_type': 'INTER_VIVOS', 'residency': 'So', 'masters_office': 'Pretoria', 'physical_unit_number': '', 'physical_complex': '', 'physical_street_number': '281', 'physical_street': '32nd ave', 'physical_suburb': 'Villieria', 'physical_city': 'Villieria', 'physical_postal_code': '0186', 'postal_address_line1': '32nd ave', 'postal_address_line2': 'Villieria', 'postal_address_line3': 'Villieria', 'postal_address_line4': '', 'postal_code': '0186', 'postal_same_as_physical': 'on', 'contact_number': '0827815591', 'cell_number': '0827815591', 'email': 'jroux@sars.gov.za'}
request.files: {}
request.content_type: application/x-www-form-urlencoded
request.data: b''
request.args: {}
request.values: {'postal_same_as_physical': 'on', 'physical_complex': '', 'residency': 'So', 'masters_office': 'Pretoria', 'contact_number': '0827815591', 'postal_address_line2': 'Villieria', 'postal_address_line3': 'Villieria', 'tax_number': '2222222222', 'trust_reg_number': '111111/2025', 'postal_address_line1': '32nd ave', 'physical_suburb': 'Villieria', 'physical_street_number': '281', 'physical_unit_number': '', 'physical_city': 'Villieria', 'nature_of_person': 'INTERVIVOS_TRUST', 'postal_address_line4': '', 'email': 'jroux@sars.gov.za', 'trust_type': 'INTER_VIVOS', 'cell_number': '0827815591', 'postal_code': '0186', 'physical_postal_code': '0186', 'physical_street': '32nd ave', 'trust_name': 'ABC TRUST'}
---- FORM SUBMISSION RECEIVED ----
request.form: {'trust_reg_number': '111111/2025', 'trust_name': 'ABC TRUST', 'tax_number': '2222222222', 'nature_of_person': 'INTERVIVOS_TRUST', 'trust_type': 'INTER_VIVOS', 'residency': 'So', 'masters_office': 'Pretoria', 'physical_unit_number': '', 'physical_complex': '', 'physical_street_number': '', 'physical_street': '32nd ave', 'physical_suburb': 'Villieria', 'physical_city': 'Villieria', 'physical_postal_code': '0186', 'postal_address_line1': '32nd ave', 'postal_address_line2': 'Villieria', 'postal_address_line3': 'Villieria', 'postal_address_line4': '', 'postal_code': '0186', 'postal_same_as_physical': 'on', 'contact_number': '0827815591', 'cell_number': '0827815591', 'email': 'jroux@sars.gov.za'}
request.files: {}
request.content_type: application/x-www-form-urlencoded
request.data: b''
request.args: {}
request.values: {'physical_city': 'Villieria', 'physical_suburb': 'Villieria', 'residency': 'So', 'postal_address_line1': '32nd ave', 'postal_same_as_physical': 'on', 'physical_complex': '', 'nature_of_person': 'INTERVIVOS_TRUST', 'tax_number': '2222222222', 'masters_office': 'Pretoria', 'physical_street': '32nd ave', 'postal_address_line4': '', 'trust_name': 'ABC TRUST', 'cell_number': '0827815591', 'trust_type': 'INTER_VIVOS', 'physical_postal_code': '0186', 'postal_address_line3': 'Villieria', 'postal_code': '0186', 'physical_unit_number': '', 'trust_reg_number': '111111/2025', 'physical_street_number': '', 'email': 'jroux@sars.gov.za', 'postal_address_line2': 'Villieria', 'contact_number': '0827815591'}
---- FORM SUBMISSION RECEIVED ----
request.form: {'trust_reg_number': '111111/2025', 'trust_name': 'ABC TRUST', 'tax_number': '2222222222', 'nature_of_person': 'INTERVIVOS_TRUST', 'trust_type': 'INTER_VIVOS', 'residency': 'ZA', 'masters_office': 'Pretoria', 'physical_unit_number': '', 'physical_complex': '', 'physical_street_number': '', 'physical_street': '32nd ave', 'physical_suburb': 'Villieria', 'physical_city': 'Villieria', 'physical_postal_code': '0186', 'postal_address_line1': '32nd ave', 'postal_address_line2': 'Villieria', 'postal_address_line3': 'Villieria', 'postal_address_line4': '', 'postal_code': '0186', 'postal_same_as_physical': 'on', 'contact_number': '0827815591', 'cell_number': '0827815591', 'email': 'jroux@sars.gov.za'}
request.files: {}
request.content_type: application/x-www-form-urlencoded
request.data: b''
request.args: {}
request.values: {'physical_city': 'Villieria', 'contact_number': '0827815591', 'postal_address_line1': '32nd ave', 'postal_address_line3': 'Villieria', 'trust_name': 'ABC TRUST', 'nature_of_person': 'INTERVIVOS_TRUST', 'physical_complex': '', 'residency': 'ZA', 'physical_postal_code': '0186', 'postal_address_line2': 'Villieria', 'trust_reg_number': '111111/2025', 'email': 'jroux@sars.gov.za', 'masters_office': 'Pretoria', 'physical_unit_number': '', 'postal_code': '0186', 'physical_street': '32nd ave', 'physical_suburb': 'Villieria', 'physical_street_number': '', 'postal_same_as_physical': 'on', 'trust_type': 'INTER_VIVOS', 'cell_number': '0827815591', 'postal_address_line4': '', 'tax_number': '2222222222'}
---- FORM SUBMISSION RECEIVED ----
request.form: {'trust_reg_number': '111112/2025', 'trust_name': 'ABCD TRUST', 'tax_number': '22222222', 'nature_of_person': 'INTERVIVOS_TRUST', 'trust_type': 'INTER_VIVOS', 'residency': 'ZA', 'masters_office': 'Pretoria', 'physical_unit_number': '', 'physical_complex': '', 'physical_street_number': '', 'physical_street': '32nd ave', 'physical_suburb': 'Villieria', 'physical_city': 'Villieria', 'physical_postal_code': '0186', 'postal_address_line1': '32nd ave', 'postal_address_line2': 'Villieria', 'postal_address_line3': 'Villieria', 'postal_address_line4': '', 'postal_code': '0186', 'postal_same_as_physical': 'on', 'contact_number': '0827815591', 'cell_number': '0827815591', 'email': 'jroux@sars.gov.za'}
request.files: {}
request.content_type: application/x-www-form-urlencoded
request.data: b''
request.args: {}
request.values: {'physical_city': 'Villieria', 'contact_number': '0827815591', 'postal_address_line1': '32nd ave', 'postal_address_line3': 'Villieria', 'trust_name': 'ABCD TRUST', 'nature_of_person': 'INTERVIVOS_TRUST', 'physical_complex': '', 'residency': 'ZA', 'physical_postal_code': '0186', 'postal_address_line2': 'Villieria', 'trust_reg_number': '111112/2025', 'email': 'jroux@sars.gov.za', 'masters_office': 'Pretoria', 'physical_unit_number': '', 'postal_code': '0186', 'physical_street': '32nd ave', 'physical_suburb': 'Villieria', 'physical_street_number': '', 'postal_same_as_physical': 'on', 'trust_type': 'INTER_VIVOS', 'cell_number': '0827815591', 'postal_address_line4': '', 'tax_number': '22222222'}
---- FORM SUBMISSION RECEIVED ----
request.form: {'trust_reg_number': '111112/2025', 'trust_name': 'ABCD TRUST', 'tax_number': '22222222', 'nature_of_person': 'INTERVIVOS_TRUST', 'trust_type': 'INTER_VIVOS', 'residency': 'ZA', 'masters_office': 'Pretoria', 'physical_unit_number': '', 'physical_complex': '', 'physical_street_number': '', 'physical_street': '32nd ave', 'physical_suburb': 'Villieria', 'physical_city': 'Villieria', 'physical_postal_code': '0186', 'postal_address_line1': '281', 'postal_address_line2': '32nd ave', 'postal_address_line3': 'PRETORIA', 'postal_address_line4': 'PRETORIA', 'postal_code': '0186', 'contact_number': '0827815591', 'cell_number': '0827815591', 'email': 'jroux@sars.gov.za'}
request.files: {}
request.content_type: application/x-www-form-urlencoded
request.data: b''
request.args: {}
request.values: {'physical_city': 'Villieria', 'contact_number': '0827815591', 'postal_address_line1': '281', 'postal_address_line3': 'PRETORIA', 'trust_name': 'ABCD TRUST', 'nature_of_person': 'INTERVIVOS_TRUST', 'physical_complex': '', 'residency': 'ZA', 'physical_postal_code': '0186', 'postal_address_line2': '32nd ave', 'trust_reg_number': '111112/2025', 'email': 'jroux@sars.gov.za', 'masters_office': 'Pretoria', 'physical_unit_number': '', 'postal_code': '0186', 'physical_street': '32nd ave', 'physical_suburb': 'Villieria', 'physical_street_number': '', 'trust_type': 'INTER_VIVOS', 'cell_number': '0827815591', 'postal_address_line4': 'PRETORIA', 'tax_number': '22222222'}









---- FORM SUBMISSION RECEIVED ----
request.form: {'trust_reg_number': '111112/2025', 'trust_name': 'ABCD TRUST', 'tax_number': '22222222', 'nature_of_person': 'INTERVIVOS_TRUST', 'trust_type': 'INTER_VIVOS', 'residency': 'ZA', 'masters_office': 'Pretoria', 'physical_unit_number': '', 'physical_complex': '', 'physical_street_number': '', 'physical_street': '32nd ave', 'physical_suburb': 'Villieria', 'physical_city': 'Villieria', 'physical_postal_code': '0186', 'postal_address_line1': '281', 'postal_address_line2': '32nd ave', 'postal_address_line3': 'PRETORIA', 'postal_address_line4': 'PRETORIA', 'postal_code': '0186', 'contact_number': '0827815591', 'cell_number': '0827815591', 'email': 'jroux@sars.gov.za'}
request.files: {}
request.content_type: application/x-www-form-urlencoded
request.data: b''
request.args: {}
request.values: {'trust_name': 'ABCD TRUST', 'nature_of_person': 'INTERVIVOS_TRUST', 'tax_number': '22222222', 'postal_code': '0186', 'postal_address_line1': '281', 'trust_reg_number': '111112/2025', 'trust_type': 'INTER_VIVOS', 'physical_street_number': '', 'physical_suburb': 'Villieria', 'postal_address_line3': 'PRETORIA', 'contact_number': '0827815591', 'cell_number': '0827815591', 'postal_address_line2': '32nd ave', 'postal_address_line4': 'PRETORIA', 'physical_postal_code': '0186', 'masters_office': 'Pretoria', 'residency': 'ZA', 'physical_complex': '', 'physical_unit_number': '', 'physical_street': '32nd ave', 'email': 'jroux@sars.gov.za', 'physical_city': 'Villieria'}
---- FORM SUBMISSION RECEIVED ----
request.form: {'trust_reg_number': '111111/2025', 'trust_name': 'ABC TRUST', 'tax_number': '2222222222', 'nature_of_person': 'INTERVIVOS_TRUST', 'trust_type': 'INTER_VIVOS', 'residency': 'ZA', 'masters_office': 'Pretoria', 'physical_unit_number': '', 'physical_complex': '', 'physical_street_number': '281', 'physical_street': '32nd ave', 'physical_suburb': 'PRETORIA', 'physical_city': 'PRETORIA', 'physical_postal_code': '0186', 'postal_address_line1': '32nd ave', 'postal_address_line2': 'PRETORIA', 'postal_address_line3': 'PRETORIA', 'postal_address_line4': '', 'postal_code': '0186', 'postal_same_as_physical': 'on', 'contact_number': '0827815591', 'cell_number': '0827815591', 'email': 'jroux@sars.gov.za'}
request.files: {}
request.content_type: application/x-www-form-urlencoded
request.data: b''
request.args: {}
request.values: {'trust_name': 'ABC TRUST', 'nature_of_person': 'INTERVIVOS_TRUST', 'tax_number': '2222222222', 'postal_code': '0186', 'postal_address_line1': '32nd ave', 'trust_reg_number': '111111/2025', 'trust_type': 'INTER_VIVOS', 'physical_street_number': '281', 'physical_suburb': 'PRETORIA', 'postal_address_line3': 'PRETORIA', 'contact_number': '0827815591', 'postal_same_as_physical': 'on', 'cell_number': '0827815591', 'postal_address_line2': 'PRETORIA', 'postal_address_line4': '', 'physical_postal_code': '0186', 'masters_office': 'Pretoria', 'residency': 'ZA', 'physical_complex': '', 'physical_unit_number': '', 'physical_street': '32nd ave', 'email': 'jroux@sars.gov.za', 'physical_city': 'PRETORIA'}
---- FORM SUBMISSION RECEIVED ----
request.form: {'trust_reg_number': '111113/2025', 'trust_name': 'ABCE TRUST', 'tax_number': '2222222222', 'nature_of_person': 'INTERVIVOS_TRUST', 'trust_type': 'INTER_VIVOS', 'residency': 'ZA', 'masters_office': 'Pretoria', 'physical_unit_number': '', 'physical_complex': '', 'physical_street_number': '281', 'physical_street': '32nd ave', 'physical_suburb': 'PRETORIA', 'physical_city': 'PRETORIA', 'physical_postal_code': '0186', 'postal_address_line1': '32nd ave', 'postal_address_line2': 'PRETORIA', 'postal_address_line3': 'PRETORIA', 'postal_address_line4': '', 'postal_code': '0186', 'postal_same_as_physical': 'on', 'contact_number': '0827815591', 'cell_number': '0827815591', 'email': 'jroux@sars.gov.za'}
request.files: {}
request.content_type: application/x-www-form-urlencoded
request.data: b''
request.args: {}
request.values: {'postal_address_line4': '', 'physical_city': 'PRETORIA', 'trust_reg_number': '111113/2025', 'physical_unit_number': '', 'trust_name': 'ABCE TRUST', 'nature_of_person': 'INTERVIVOS_TRUST', 'tax_number': '2222222222', 'residency': 'ZA', 'physical_complex': '', 'physical_suburb': 'PRETORIA', 'email': 'jroux@sars.gov.za', 'cell_number': '0827815591', 'physical_street_number': '281', 'postal_address_line3': 'PRETORIA', 'postal_address_line2': 'PRETORIA', 'trust_type': 'INTER_VIVOS', 'physical_street': '32nd ave', 'masters_office': 'Pretoria', 'postal_address_line1': '32nd ave', 'physical_postal_code': '0186', 'postal_same_as_physical': 'on', 'postal_code': '0186', 'contact_number': '0827815591'}
---- FORM SUBMISSION RECEIVED ----
request.form: {'trust_reg_number': '111112/2025', 'trust_name': 'ABCD TRUST', 'tax_number': '2222222222', 'nature_of_person': 'INTERVIVOS_TRUST', 'trust_type': 'INTER_VIVOS', 'residency': 'ZA', 'masters_office': 'Pretoria', 'physical_unit_number': '', 'physical_complex': '', 'physical_street_number': '', 'physical_street': '32nd ave', 'physical_suburb': 'Villieria', 'physical_city': 'Villieria', 'physical_postal_code': '0186', 'postal_address_line1': '281', 'postal_address_line2': '32nd ave', 'postal_address_line3': 'PRETORIA', 'postal_address_line4': 'PRETORIA', 'postal_code': '0186', 'contact_number': '0827815591', 'cell_number': '0827815591', 'email': 'jroux@sars.gov.za'}
request.files: {}
request.content_type: application/x-www-form-urlencoded
request.data: b''
request.args: {}
request.values: {'cell_number': '0827815591', 'trust_type': 'INTER_VIVOS', 'email': 'jroux@sars.gov.za', 'nature_of_person': 'INTERVIVOS_TRUST', 'physical_postal_code': '0186', 'postal_address_line3': 'PRETORIA', 'physical_suburb': 'Villieria', 'physical_city': 'Villieria', 'physical_complex': '', 'trust_reg_number': '111112/2025', 'residency': 'ZA', 'physical_street_number': '', 'physical_unit_number': '', 'postal_address_line1': '281', 'postal_code': '0186', 'postal_address_line2': '32nd ave', 'postal_address_line4': 'PRETORIA', 'physical_street': '32nd ave', 'masters_office': 'Pretoria', 'trust_name': 'ABCD TRUST', 'tax_number': '2222222222', 'contact_number': '0827815591'}
---- FORM SUBMISSION RECEIVED ----
request.form: {'trust_reg_number': 'IT11868/04', 'trust_name': 'ANDREA AND MARY CHIOCCHI TRUST', 'tax_number': '9999999999', 'nature_of_person': 'INTERVIVOS_TRUST', 'trust_type': 'INTER_VIVOS', 'residency': 'South Africa', 'masters_office': 'None', 'physical_unit_number': 'None', 'physical_complex': 'None', 'physical_street_number': 'None', 'physical_street': 'None', 'physical_suburb': 'None', 'physical_city': 'None', 'physical_postal_code': 'None', 'postal_address_line1': 'None', 'postal_address_line2': 'None', 'postal_address_line3': 'None', 'postal_address_line4': '', 'postal_code': 'None', 'postal_same_as_physical': 'on', 'contact_number': 'None', 'cell_number': 'None', 'email': 'None'}
request.files: {}
request.content_type: application/x-www-form-urlencoded
request.data: b''
request.args: {}
request.values: {'cell_number': 'None', 'trust_type': 'INTER_VIVOS', 'email': 'None', 'nature_of_person': 'INTERVIVOS_TRUST', 'postal_same_as_physical': 'on', 'physical_postal_code': 'None', 'postal_address_line3': 'None', 'physical_suburb': 'None', 'physical_city': 'None', 'physical_complex': 'None', 'trust_reg_number': 'IT11868/04', 'residency': 'South Africa', 'physical_street_number': 'None', 'physical_unit_number': 'None', 'postal_address_line1': 'None', 'postal_code': 'None', 'postal_address_line2': 'None', 'postal_address_line4': '', 'physical_street': 'None', 'masters_office': 'None', 'trust_name': 'ANDREA AND MARY CHIOCCHI TRUST', 'tax_number': '9999999999', 'contact_number': 'None'}
---- FORM SUBMISSION RECEIVED ----
request.form: {'trust_reg_number': 'IT11868/04', 'trust_name': 'ANDREA AND MARY CHIOCCHI TRUST', 'tax_number': '9999999999', 'nature_of_person': 'INTERVIVOS_TRUST', 'trust_type': 'INTER_VIVOS', 'residency': 'ZA', 'masters_office': 'Pretoria', 'physical_unit_number': '', 'physical_complex': '', 'physical_street_number': '281', 'physical_street': '32nd ave', 'physical_suburb': 'Villieria', 'physical_city': 'PRETORIA', 'physical_postal_code': '0186', 'postal_address_line1': '32nd ave', 'postal_address_line2': 'Villieria', 'postal_address_line3': 'PRETORIA', 'postal_address_line4': '', 'postal_code': '0186', 'postal_same_as_physical': 'on', 'contact_number': '0827815591', 'cell_number': '0827815591', 'email': 'jroux@sars.gov.za'}
request.files: {}
request.content_type: application/x-www-form-urlencoded
request.data: b''
request.args: {}
request.values: {'cell_number': '0827815591', 'trust_type': 'INTER_VIVOS', 'email': 'jroux@sars.gov.za', 'nature_of_person': 'INTERVIVOS_TRUST', 'postal_same_as_physical': 'on', 'physical_postal_code': '0186', 'postal_address_line3': 'PRETORIA', 'physical_suburb': 'Villieria', 'physical_city': 'PRETORIA', 'physical_complex': '', 'trust_reg_number': 'IT11868/04', 'residency': 'ZA', 'physical_street_number': '281', 'physical_unit_number': '', 'postal_address_line1': '32nd ave', 'postal_code': '0186', 'postal_address_line2': 'Villieria', 'postal_address_line4': '', 'physical_street': '32nd ave', 'masters_office': 'Pretoria', 'trust_name': 'ANDREA AND MARY CHIOCCHI TRUST', 'tax_number': '9999999999', 'contact_number': '0827815591'}
---- FORM SUBMISSION RECEIVED ----
request.form: {'trust_reg_number': '111112/2025', 'trust_name': 'ABCDefg TRUST', 'tax_number': '2222222222', 'nature_of_person': 'INTERVIVOS_TRUST', 'trust_type': 'INTER_VIVOS', 'residency': 'ZA', 'masters_office': 'Pretoria', 'physical_unit_number': '', 'physical_complex': '', 'physical_street_number': '', 'physical_street': '32nd ave', 'physical_suburb': 'Villieria', 'physical_city': 'Villieria', 'physical_postal_code': '0186', 'postal_address_line1': '281', 'postal_address_line2': '32nd ave', 'postal_address_line3': 'PRETORIA', 'postal_address_line4': 'PRETORIA', 'postal_code': '0186', 'contact_number': '0827815591', 'cell_number': '0827815591', 'email': 'jroux@sars.gov.za'}
request.files: {}
request.content_type: application/x-www-form-urlencoded
request.data: b''
request.args: {}
request.values: {'cell_number': '0827815591', 'trust_type': 'INTER_VIVOS', 'email': 'jroux@sars.gov.za', 'nature_of_person': 'INTERVIVOS_TRUST', 'physical_postal_code': '0186', 'postal_address_line3': 'PRETORIA', 'physical_suburb': 'Villieria', 'physical_city': 'Villieria', 'physical_complex': '', 'trust_reg_number': '111112/2025', 'residency': 'ZA', 'physical_street_number': '', 'physical_unit_number': '', 'postal_address_line1': '281', 'postal_code': '0186', 'postal_address_line2': '32nd ave', 'postal_address_line4': 'PRETORIA', 'physical_street': '32nd ave', 'masters_office': 'Pretoria', 'trust_name': 'ABCDefg TRUST', 'tax_number': '2222222222', 'contact_number': '0827815591'}
---- FORM SUBMISSION RECEIVED ----
request.form: {'trust_reg_number': '111112/2025', 'trust_name': 'ABCD TRUST', 'tax_number': '2222222222', 'nature_of_person': 'INTERVIVOS_TRUST', 'trust_type': 'INTER_VIVOS', 'residency': 'ZA', 'masters_office': 'Pretoria', 'physical_unit_number': '', 'physical_complex': '', 'physical_street_number': '', 'physical_street': '32nd ave', 'physical_suburb': 'Villieria', 'physical_city': 'Villieria', 'physical_postal_code': '0186', 'postal_address_line1': '281', 'postal_address_line2': '32nd ave', 'postal_address_line3': 'PRETORIA', 'postal_address_line4': 'PRETORIA', 'postal_code': '0186', 'contact_number': '0827815591', 'cell_number': '0827815591', 'email': 'jroux@sars.gov.za'}
request.files: {}
request.content_type: application/x-www-form-urlencoded
request.data: b''
request.args: {}
request.values: {'cell_number': '0827815591', 'trust_type': 'INTER_VIVOS', 'email': 'jroux@sars.gov.za', 'nature_of_person': 'INTERVIVOS_TRUST', 'physical_postal_code': '0186', 'postal_address_line3': 'PRETORIA', 'physical_suburb': 'Villieria', 'physical_city': 'Villieria', 'physical_complex': '', 'trust_reg_number': '111112/2025', 'residency': 'ZA', 'physical_street_number': '', 'physical_unit_number': '', 'postal_address_line1': '281', 'postal_code': '0186', 'postal_address_line2': '32nd ave', 'postal_address_line4': 'PRETORIA', 'physical_street': '32nd ave', 'masters_office': 'Pretoria', 'trust_name': 'ABCD TRUST', 'tax_number': '2222222222', 'contact_number': '0827815591'}
---- FORM SUBMISSION RECEIVED ----
request.form: {'trust_reg_number': '191112/2025', 'trust_name': 'ABCD TRUST', 'tax_number': '2222222222', 'nature_of_person': 'INTERVIVOS_TRUST', 'trust_type': 'INTER_VIVOS', 'residency': 'ZA', 'masters_office': 'Pretoria', 'physical_unit_number': '', 'physical_complex': '', 'physical_street_number': '', 'physical_street': '32nd ave', 'physical_suburb': 'Villieria', 'physical_city': 'Villieria', 'physical_postal_code': '0186', 'postal_address_line1': '281', 'postal_address_line2': '32nd ave', 'postal_address_line3': 'PRETORIA', 'postal_address_line4': 'PRETORIA', 'postal_code': '0186', 'contact_number': '0827815591', 'cell_number': '0827815591', 'email': 'jroux@sars.gov.za'}
request.files: {}
request.content_type: application/x-www-form-urlencoded
request.data: b''
request.args: {}
request.values: {'cell_number': '0827815591', 'trust_type': 'INTER_VIVOS', 'email': 'jroux@sars.gov.za', 'nature_of_person': 'INTERVIVOS_TRUST', 'physical_postal_code': '0186', 'postal_address_line3': 'PRETORIA', 'physical_suburb': 'Villieria', 'physical_city': 'Villieria', 'physical_complex': '', 'trust_reg_number': '191112/2025', 'residency': 'ZA', 'physical_street_number': '', 'physical_unit_number': '', 'postal_address_line1': '281', 'postal_code': '0186', 'postal_address_line2': '32nd ave', 'postal_address_line4': 'PRETORIA', 'physical_street': '32nd ave', 'masters_office': 'Pretoria', 'trust_name': 'ABCD TRUST', 'tax_number': '2222222222', 'contact_number': '0827815591'}
---- FORM SUBMISSION RECEIVED ----
request.form: {'trust_reg_number': '191112/2025', 'trust_name': 'ABCD TRUST', 'tax_number': '2222222222', 'nature_of_person': 'INTERVIVOS_TRUST', 'trust_type': 'INTER_VIVOS', 'residency': 'ZA', 'masters_office': 'Pretoria', 'physical_unit_number': '', 'physical_complex': '', 'physical_street_number': '', 'physical_street': '32nd ave', 'physical_suburb': 'Villieria', 'physical_city': 'Villieria', 'physical_postal_code': '0186', 'postal_address_line1': '32nd ave', 'postal_address_line2': 'Villieria', 'postal_address_line3': 'Villieria', 'postal_address_line4': '', 'postal_code': '0186', 'postal_same_as_physical': 'on', 'contact_number': '0827815591', 'cell_number': '0827815591', 'email': 'jroux@sars.gov.za'}
request.files: {}
request.content_type: application/x-www-form-urlencoded
request.data: b''
request.args: {}
request.values: {'cell_number': '0827815591', 'trust_type': 'INTER_VIVOS', 'email': 'jroux@sars.gov.za', 'nature_of_person': 'INTERVIVOS_TRUST', 'postal_same_as_physical': 'on', 'physical_postal_code': '0186', 'postal_address_line3': 'Villieria', 'physical_suburb': 'Villieria', 'physical_city': 'Villieria', 'physical_complex': '', 'trust_reg_number': '191112/2025', 'residency': 'ZA', 'physical_street_number': '', 'physical_unit_number': '', 'postal_address_line1': '32nd ave', 'postal_code': '0186', 'postal_address_line2': 'Villieria', 'postal_address_line4': '', 'physical_street': '32nd ave', 'masters_office': 'Pretoria', 'trust_name': 'ABCD TRUST', 'tax_number': '2222222222', 'contact_number': '0827815591'}
---- FORM SUBMISSION RECEIVED ----
request.form: {'trust_reg_number': '191112/2025', 'trust_name': 'ABCD TRUST', 'tax_number': '2222222222', 'nature_of_person': 'INTERVIVOS_TRUST', 'trust_type': 'INTER_VIVOS', 'residency': 'ZA', 'masters_office': 'Pretoria', 'physical_unit_number': '', 'physical_complex': '', 'physical_street_number': '', 'physical_street': '32nd ave', 'physical_suburb': 'Villieria', 'physical_city': 'Villieria', 'physical_postal_code': '0186', 'postal_address_line1': '32nd ave', 'postal_address_line2': 'Villieria', 'postal_address_line3': 'Villieria', 'postal_address_line4': '', 'postal_code': '0186', 'postal_same_as_physical': 'on', 'contact_number': '0827815591', 'cell_number': '0827815591', 'email': 'jroux@sars.gov.za'}
request.files: {}
request.content_type: application/x-www-form-urlencoded
request.data: b''
request.args: {}
request.values: {'cell_number': '0827815591', 'trust_type': 'INTER_VIVOS', 'email': 'jroux@sars.gov.za', 'nature_of_person': 'INTERVIVOS_TRUST', 'postal_same_as_physical': 'on', 'physical_postal_code': '0186', 'postal_address_line3': 'Villieria', 'physical_suburb': 'Villieria', 'physical_city': 'Villieria', 'physical_complex': '', 'trust_reg_number': '191112/2025', 'residency': 'ZA', 'physical_street_number': '', 'physical_unit_number': '', 'postal_address_line1': '32nd ave', 'postal_code': '0186', 'postal_address_line2': 'Villieria', 'postal_address_line4': '', 'physical_street': '32nd ave', 'masters_office': 'Pretoria', 'trust_name': 'ABCD TRUST', 'tax_number': '2222222222', 'contact_number': '0827815591'}
---- FORM SUBMISSION RECEIVED ----
request.form: {'trust_reg_number': '121112/2025', 'trust_name': 'ABCD TRUST', 'tax_number': '2222222222', 'nature_of_person': 'INTERVIVOS_TRUST', 'trust_type': 'INTER_VIVOS', 'residency': 'ZA', 'masters_office': 'Pretoria', 'physical_unit_number': '', 'physical_complex': '', 'physical_street_number': '', 'physical_street': '32nd ave', 'physical_suburb': 'Villieria', 'physical_city': 'Villieria', 'physical_postal_code': '0186', 'postal_address_line1': '32nd ave', 'postal_address_line2': 'Villieria', 'postal_address_line3': 'Villieria', 'postal_address_line4': '', 'postal_code': '0186', 'postal_same_as_physical': 'on', 'contact_number': '0827815591', 'cell_number': '0827815591', 'email': 'jroux@sars.gov.za'}
request.files: {}
request.content_type: application/x-www-form-urlencoded
request.data: b''
request.args: {}
request.values: {'physical_street': '32nd ave', 'tax_number': '2222222222', 'physical_postal_code': '0186', 'cell_number': '0827815591', 'postal_address_line1': '32nd ave', 'trust_type': 'INTER_VIVOS', 'postal_code': '0186', 'physical_complex': '', 'postal_same_as_physical': 'on', 'email': 'jroux@sars.gov.za', 'physical_unit_number': '', 'trust_name': 'ABCD TRUST', 'residency': 'ZA', 'postal_address_line3': 'Villieria', 'postal_address_line4': '', 'trust_reg_number': '121112/2025', 'physical_suburb': 'Villieria', 'physical_street_number': '', 'masters_office': 'Pretoria', 'postal_address_line2': 'Villieria', 'nature_of_person': 'INTERVIVOS_TRUST', 'physical_city': 'Villieria', 'contact_number': '0827815591'}
---- FORM SUBMISSION RECEIVED ----
request.form: {'trust_reg_number': 'IT2460/03', 'trust_name': 'ANELIE ANDERSON TESTAMENTÍRE TRUST', 'tax_number': '0229179155', 'nature_of_person': 'INTERVIVOS_TRUST', 'trust_type': 'INTER_VIVOS', 'residency': 'South Africa', 'masters_office': 'None', 'physical_unit_number': 'None', 'physical_complex': 'None', 'physical_street_number': 'None', 'physical_street': 'None', 'physical_suburb': 'None', 'physical_city': 'None', 'physical_postal_code': 'None', 'postal_address_line1': 'None', 'postal_address_line2': 'None', 'postal_address_line3': 'None', 'postal_address_line4': 'None', 'postal_code': 'None', 'contact_number': 'None', 'cell_number': 'None', 'email': 'None'}
request.files: {}
request.content_type: application/x-www-form-urlencoded
request.data: b''
request.args: {}
request.values: {'email': 'None', 'trust_name': 'ANELIE ANDERSON TESTAMENTÍRE TRUST', 'trust_reg_number': 'IT2460/03', 'tax_number': '0229179155', 'physical_complex': 'None', 'cell_number': 'None', 'postal_address_line1': 'None', 'nature_of_person': 'INTERVIVOS_TRUST', 'residency': 'South Africa', 'contact_number': 'None', 'physical_unit_number': 'None', 'physical_street_number': 'None', 'physical_city': 'None', 'masters_office': 'None', 'postal_address_line2': 'None', 'postal_address_line3': 'None', 'postal_address_line4': 'None', 'trust_type': 'INTER_VIVOS', 'physical_street': 'None', 'postal_code': 'None', 'physical_suburb': 'None', 'physical_postal_code': 'None'}
---- FORM SUBMISSION RECEIVED ----
request.form: {'trust_reg_number': '131112/2025', 'trust_name': 'ABCD TRUST', 'tax_number': '2222222222', 'nature_of_person': 'INTERVIVOS_TRUST', 'trust_type': 'INTER_VIVOS', 'residency': 'ZA', 'masters_office': 'Pretoria', 'physical_unit_number': '', 'physical_complex': '', 'physical_street_number': '', 'physical_street': '32nd ave', 'physical_suburb': 'Villieria', 'physical_city': 'Villieria', 'physical_postal_code': '0186', 'postal_address_line1': '32nd ave', 'postal_address_line2': 'Villieria', 'postal_address_line3': 'Villieria', 'postal_address_line4': '', 'postal_code': '0186', 'postal_same_as_physical': 'on', 'contact_number': '0827815591', 'cell_number': '0827815591', 'email': 'jroux@sars.gov.za'}
request.files: {}
request.content_type: application/x-www-form-urlencoded
request.data: b''
request.args: {}
request.values: {'trust_name': 'ABCD TRUST', 'postal_address_line4': '', 'postal_address_line3': 'Villieria', 'postal_address_line2': 'Villieria', 'nature_of_person': 'INTERVIVOS_TRUST', 'residency': 'ZA', 'contact_number': '0827815591', 'physical_unit_number': '', 'masters_office': 'Pretoria', 'physical_street_number': '', 'physical_city': 'Villieria', 'physical_suburb': 'Villieria', 'postal_address_line1': '32nd ave', 'physical_street': '32nd ave', 'cell_number': '0827815591', 'tax_number': '2222222222', 'trust_reg_number': '131112/2025', 'physical_postal_code': '0186', 'physical_complex': '', 'trust_type': 'INTER_VIVOS', 'postal_code': '0186', 'email': 'jroux@sars.gov.za', 'postal_same_as_physical': 'on'}
---- FORM SUBMISSION RECEIVED ----
request.form: {'trust_reg_number': '131112/2025', 'trust_name': 'ABCDaaaaa TRUST', 'tax_number': '2222222222', 'nature_of_person': 'INTERVIVOS_TRUST', 'trust_type': 'INTER_VIVOS', 'residency': 'ZA', 'masters_office': 'Pretoria', 'physical_unit_number': '', 'physical_complex': '', 'physical_street_number': '', 'physical_street': '32nd ave', 'physical_suburb': 'Villieria', 'physical_city': 'Villieria', 'physical_postal_code': '0186', 'postal_address_line1': '32nd ave', 'postal_address_line2': 'Villieria', 'postal_address_line3': 'Villieria', 'postal_address_line4': '', 'postal_code': '0186', 'postal_same_as_physical': 'on', 'contact_number': '0827815591', 'cell_number': '0827815591', 'email': 'jroux@sars.gov.za'}
request.files: {}
request.content_type: application/x-www-form-urlencoded
request.data: b''
request.args: {}
request.values: {'trust_name': 'ABCDaaaaa TRUST', 'postal_address_line4': '', 'postal_address_line3': 'Villieria', 'postal_address_line2': 'Villieria', 'nature_of_person': 'INTERVIVOS_TRUST', 'residency': 'ZA', 'contact_number': '0827815591', 'physical_unit_number': '', 'masters_office': 'Pretoria', 'physical_street_number': '', 'physical_city': 'Villieria', 'physical_suburb': 'Villieria', 'postal_address_line1': '32nd ave', 'physical_street': '32nd ave', 'cell_number': '0827815591', 'tax_number': '2222222222', 'trust_reg_number': '131112/2025', 'physical_postal_code': '0186', 'physical_complex': '', 'trust_type': 'INTER_VIVOS', 'postal_code': '0186', 'email': 'jroux@sars.gov.za', 'postal_same_as_physical': 'on'}
---- FORM SUBMISSION RECEIVED ----
request.form: {'trust_reg_number': '131112/2025', 'trust_name': 'ABCD TRUST', 'tax_number': '2222222222', 'nature_of_person': 'INTERVIVOS_TRUST', 'trust_type': 'INTER_VIVOS', 'residency': 'ZA', 'masters_office': 'Pretoria', 'physical_unit_number': '', 'physical_complex': '', 'physical_street_number': '', 'physical_street': '32nd ave', 'physical_suburb': 'Villieria', 'physical_city': 'Villieria', 'physical_postal_code': '0186', 'postal_address_line1': '32nd ave', 'postal_address_line2': 'Villieria', 'postal_address_line3': 'Villieria', 'postal_address_line4': '', 'postal_code': '0186', 'postal_same_as_physical': 'on', 'contact_number': '0827815591', 'cell_number': '0827815591', 'email': 'jroux@sars.gov.za'}
request.files: {}
request.content_type: application/x-www-form-urlencoded
request.data: b''
request.args: {}
request.values: {'trust_name': 'ABCD TRUST', 'postal_address_line4': '', 'postal_address_line3': 'Villieria', 'postal_address_line2': 'Villieria', 'nature_of_person': 'INTERVIVOS_TRUST', 'residency': 'ZA', 'contact_number': '0827815591', 'physical_unit_number': '', 'masters_office': 'Pretoria', 'physical_street_number': '', 'physical_city': 'Villieria', 'physical_suburb': 'Villieria', 'postal_address_line1': '32nd ave', 'physical_street': '32nd ave', 'cell_number': '0827815591', 'tax_number': '2222222222', 'trust_reg_number': '131112/2025', 'physical_postal_code': '0186', 'physical_complex': '', 'trust_type': 'INTER_VIVOS', 'postal_code': '0186', 'email': 'jroux@sars.gov.za', 'postal_same_as_physical': 'on'}
---- FORM SUBMISSION RECEIVED ----
request.form: {'trust_reg_number': 'SADASDA', 'trust_name': 'ASDASDASD', 'tax_number': 'ASDASDAS', 'nature_of_person': 'INTERVIVOS_TRUST', 'trust_type': 'INTER_VIVOS', 'residency': 'ZA', 'masters_office': 'ASDASD', 'physical_unit_number': '', 'physical_complex': '', 'physical_street_number': '281', 'physical_street': '32nd ave', 'physical_suburb': 'Villieria', 'physical_city': 'PRETORIA', 'physical_postal_code': '0186', 'postal_address_line1': '32nd ave', 'postal_address_line2': 'Villieria', 'postal_address_line3': 'PRETORIA', 'postal_address_line4': '', 'postal_code': '0186', 'postal_same_as_physical': 'on', 'contact_number': '', 'cell_number': '0827815591', 'email': ''}
request.files: {}
request.content_type: application/x-www-form-urlencoded
request.data: b''
request.args: {}
request.values: {'postal_address_line4': '', 'tax_number': 'ASDASDAS', 'physical_street': '32nd ave', 'postal_address_line2': 'Villieria', 'email': '', 'physical_unit_number': '', 'contact_number': '', 'nature_of_person': 'INTERVIVOS_TRUST', 'trust_name': 'ASDASDASD', 'postal_address_line1': '32nd ave', 'residency': 'ZA', 'postal_address_line3': 'PRETORIA', 'masters_office': 'ASDASD', 'physical_city': 'PRETORIA', 'physical_postal_code': '0186', 'physical_suburb': 'Villieria', 'trust_type': 'INTER_VIVOS', 'postal_same_as_physical': 'on', 'postal_code': '0186', 'physical_street_number': '281', 'cell_number': '0827815591', 'trust_reg_number': 'SADASDA', 'physical_complex': ''}
---- FORM SUBMISSION RECEIVED ----
request.form: {'trust_reg_number': '131112/2025', 'trust_name': 'ABCD TRUST', 'tax_number': '2222222222', 'nature_of_person': '', 'trust_type': '', 'residency': 'ZA', 'masters_office': 'Pretoria', 'physical_unit_number': '', 'physical_complex': '', 'physical_street_number': '', 'physical_street': '32nd ave', 'physical_suburb': 'Villieria', 'physical_city': 'Villieria', 'physical_postal_code': '0186', 'postal_address_line1': '32nd ave', 'postal_address_line2': 'Villieria', 'postal_address_line3': 'Villieria', 'postal_address_line4': '', 'postal_code': '0186', 'postal_same_as_physical': 'on', 'contact_number': '0827815591', 'cell_number': '0827815591', 'email': 'jroux@sars.gov.za'}
request.files: {}
request.content_type: application/x-www-form-urlencoded
request.data: b''
request.args: {}
request.values: {'contact_number': '0827815591', 'masters_office': 'Pretoria', 'postal_address_line2': 'Villieria', 'physical_postal_code': '0186', 'physical_city': 'Villieria', 'physical_street_number': '', 'cell_number': '0827815591', 'trust_type': '', 'postal_address_line4': '', 'physical_unit_number': '', 'postal_code': '0186', 'physical_suburb': 'Villieria', 'email': 'jroux@sars.gov.za', 'postal_address_line1': '32nd ave', 'nature_of_person': '', 'physical_street': '32nd ave', 'residency': 'ZA', 'postal_address_line3': 'Villieria', 'tax_number': '2222222222', 'trust_name': 'ABCD TRUST', 'physical_complex': '', 'postal_same_as_physical': 'on', 'trust_reg_number': '131112/2025'}
---- FORM SUBMISSION RECEIVED ----
request.form: {'trust_reg_number': '131112/2025', 'trust_name': 'ABCD TRUST', 'tax_number': '2222222222', 'nature_of_person': '', 'trust_type': '', 'residency': 'ZA', 'masters_office': 'Pretoria', 'physical_unit_number': '', 'physical_complex': '', 'physical_street_number': '', 'physical_street': '32nd ave', 'physical_suburb': 'Villieria', 'physical_city': 'Villieria', 'physical_postal_code': '0186', 'postal_address_line1': '32nd ave', 'postal_address_line2': 'Villieria', 'postal_address_line3': 'Villieria', 'postal_address_line4': 'PRETORIA', 'postal_code': '0186', 'contact_number': '0827815591', 'cell_number': '0827815591', 'email': 'jroux@sars.gov.za'}
request.files: {}
request.content_type: application/x-www-form-urlencoded
request.data: b''
request.args: {}
request.values: {'contact_number': '0827815591', 'masters_office': 'Pretoria', 'postal_address_line2': 'Villieria', 'physical_postal_code': '0186', 'physical_city': 'Villieria', 'physical_street_number': '', 'cell_number': '0827815591', 'trust_type': '', 'postal_address_line4': 'PRETORIA', 'physical_unit_number': '', 'postal_code': '0186', 'physical_suburb': 'Villieria', 'email': 'jroux@sars.gov.za', 'postal_address_line1': '32nd ave', 'nature_of_person': '', 'physical_street': '32nd ave', 'residency': 'ZA', 'postal_address_line3': 'Villieria', 'tax_number': '2222222222', 'trust_name': 'ABCD TRUST', 'physical_complex': '', 'trust_reg_number': '131112/2025'}
---- FORM SUBMISSION RECEIVED ----
request.form: {'trust_reg_number': '131112/2025', 'trust_name': 'ABCD TRUST', 'tax_number': '2222222222', 'nature_of_person': 'INTERVIVOS_TRUST', 'trust_type': 'INTER_VIVOS', 'residency': 'ZA', 'masters_office': 'Pretoria', 'physical_unit_number': '', 'physical_complex': '', 'physical_street_number': '', 'physical_street': '32nd ave', 'physical_suburb': 'Villieria', 'physical_city': 'Villieria', 'physical_postal_code': '0186', 'postal_address_line1': '32nd ave', 'postal_address_line2': 'Villieria', 'postal_address_line3': 'Villieria', 'postal_address_line4': 'PRETORIA', 'postal_code': '0186', 'contact_number': '0827815591', 'cell_number': '0827815591', 'email': 'jroux@sars.gov.za'}
request.files: {}
request.content_type: application/x-www-form-urlencoded
request.data: b''
request.args: {}
request.values: {'postal_address_line3': 'Villieria', 'tax_number': '2222222222', 'postal_address_line2': 'Villieria', 'masters_office': 'Pretoria', 'physical_street': '32nd ave', 'contact_number': '0827815591', 'trust_type': 'INTER_VIVOS', 'nature_of_person': 'INTERVIVOS_TRUST', 'postal_address_line4': 'PRETORIA', 'cell_number': '0827815591', 'physical_street_number': '', 'physical_complex': '', 'email': 'jroux@sars.gov.za', 'physical_postal_code': '0186', 'residency': 'ZA', 'trust_name': 'ABCD TRUST', 'physical_city': 'Villieria', 'postal_address_line1': '32nd ave', 'trust_reg_number': '131112/2025', 'postal_code': '0186', 'physical_suburb': 'Villieria', 'physical_unit_number': ''}
---- FORM SUBMISSION RECEIVED ----
request.form: {'trust_reg_number': '131112/2025', 'trust_name': 'ABCD TRUST', 'tax_number': '2222222222', 'nature_of_person': 'INTERVIVOS_TRUST', 'trust_type': 'TESTAMENTARY', 'residency': 'ZA', 'masters_office': 'Pretoria', 'physical_unit_number': '', 'physical_complex': '', 'physical_street_number': '', 'physical_street': '32nd ave', 'physical_suburb': 'Villieria', 'physical_city': 'Villieria', 'physical_postal_code': '0186', 'postal_address_line1': '32nd ave', 'postal_address_line2': 'Villieria', 'postal_address_line3': 'Villieria', 'postal_address_line4': 'PRETORIA', 'postal_code': '0186', 'contact_number': '0827815591', 'cell_number': '0827815591', 'email': 'jroux@sars.gov.za'}
request.files: {}
request.content_type: application/x-www-form-urlencoded
request.data: b''
request.args: {}
request.values: {'postal_address_line3': 'Villieria', 'tax_number': '2222222222', 'postal_address_line2': 'Villieria', 'masters_office': 'Pretoria', 'physical_street': '32nd ave', 'contact_number': '0827815591', 'trust_type': 'TESTAMENTARY', 'nature_of_person': 'INTERVIVOS_TRUST', 'postal_address_line4': 'PRETORIA', 'cell_number': '0827815591', 'physical_street_number': '', 'physical_complex': '', 'email': 'jroux@sars.gov.za', 'physical_postal_code': '0186', 'residency': 'ZA', 'trust_name': 'ABCD TRUST', 'physical_city': 'Villieria', 'postal_address_line1': '32nd ave', 'trust_reg_number': '131112/2025', 'postal_code': '0186', 'physical_suburb': 'Villieria', 'physical_unit_number': ''}
---- FORM SUBMISSION RECEIVED ----
request.form: {'trust_reg_number': '131112/2025', 'trust_name': 'ABCD TRUST', 'tax_number': '2222222222', 'nature_of_person': 'INTERVIVOS_TRUST', 'trust_type': 'FOREIGN', 'residency': 'ZA', 'masters_office': 'Pretoria', 'physical_unit_number': '', 'physical_complex': '', 'physical_street_number': '', 'physical_street': '32nd ave', 'physical_suburb': 'Villieria', 'physical_city': 'Villieria', 'physical_postal_code': '0186', 'postal_address_line1': '32nd ave', 'postal_address_line2': 'Villieria', 'postal_address_line3': 'Villieria', 'postal_address_line4': 'PRETORIA', 'postal_code': '0186', 'contact_number': '0827815591', 'cell_number': '0827815591', 'email': 'jroux@sars.gov.za'}
request.files: {}
request.content_type: application/x-www-form-urlencoded
request.data: b''
request.args: {}
request.values: {'postal_address_line3': 'Villieria', 'tax_number': '2222222222', 'postal_address_line2': 'Villieria', 'masters_office': 'Pretoria', 'physical_street': '32nd ave', 'contact_number': '0827815591', 'trust_type': 'FOREIGN', 'nature_of_person': 'INTERVIVOS_TRUST', 'postal_address_line4': 'PRETORIA', 'cell_number': '0827815591', 'physical_street_number': '', 'physical_complex': '', 'email': 'jroux@sars.gov.za', 'physical_postal_code': '0186', 'residency': 'ZA', 'trust_name': 'ABCD TRUST', 'physical_city': 'Villieria', 'postal_address_line1': '32nd ave', 'trust_reg_number': '131112/2025', 'postal_code': '0186', 'physical_suburb': 'Villieria', 'physical_unit_number': ''}
---- FORM SUBMISSION RECEIVED ----
request.form: {'trust_reg_number': '131112/2025', 'trust_name': 'ABCD TRUST', 'tax_number': '2222222222', 'nature_of_person': 'INTERVIVOS_TRUST', 'trust_type': 'OTHER', 'residency': 'ZA', 'masters_office': 'Pretoria', 'physical_unit_number': '', 'physical_complex': '', 'physical_street_number': '', 'physical_street': '32nd ave', 'physical_suburb': 'Villieria', 'physical_city': 'Villieria', 'physical_postal_code': '0186', 'postal_address_line1': '32nd ave', 'postal_address_line2': 'Villieria', 'postal_address_line3': 'Villieria', 'postal_address_line4': 'PRETORIA', 'postal_code': '0186', 'contact_number': '0827815591', 'cell_number': '0827815591', 'email': 'jroux@sars.gov.za'}
request.files: {}
request.content_type: application/x-www-form-urlencoded
request.data: b''
request.args: {}
request.values: {'postal_address_line3': 'Villieria', 'tax_number': '2222222222', 'postal_address_line2': 'Villieria', 'masters_office': 'Pretoria', 'physical_street': '32nd ave', 'contact_number': '0827815591', 'trust_type': 'OTHER', 'nature_of_person': 'INTERVIVOS_TRUST', 'postal_address_line4': 'PRETORIA', 'cell_number': '0827815591', 'physical_street_number': '', 'physical_complex': '', 'email': 'jroux@sars.gov.za', 'physical_postal_code': '0186', 'residency': 'ZA', 'trust_name': 'ABCD TRUST', 'physical_city': 'Villieria', 'postal_address_line1': '32nd ave', 'trust_reg_number': '131112/2025', 'postal_code': '0186', 'physical_suburb': 'Villieria', 'physical_unit_number': ''}
---- FORM SUBMISSION RECEIVED ----
request.form: {'trust_reg_number': 'IT1991/2019(T)', 'trust_name': 'APPLICO EMPOWERMENT TRUST', 'tax_number': '1122972233', 'nature_of_person': 'INTERVIVOS_TRUST', 'trust_type': 'INTER_VIVOS', 'residency': 'ZA', 'masters_office': 'Pretoria', 'physical_unit_number': '', 'physical_complex': '', 'physical_street_number': '', 'physical_street': '32nd ave', 'physical_suburb': 'Villieria', 'physical_city': 'Villieria', 'physical_postal_code': '0186', 'postal_address_line1': '281', 'postal_address_line2': '32nd ave', 'postal_address_line3': 'PRETORIA', 'postal_address_line4': 'PRETORIA', 'postal_code': '0186', 'contact_number': '0827815591', 'cell_number': '0827815591', 'email': 'jroux@sars.gov.za'}
request.files: {}
request.content_type: application/x-www-form-urlencoded
request.data: b''
request.args: {}
request.values: {'postal_address_line3': 'PRETORIA', 'contact_number': '0827815591', 'nature_of_person': 'INTERVIVOS_TRUST', 'physical_postal_code': '0186', 'masters_office': 'Pretoria', 'physical_complex': '', 'residency': 'ZA', 'trust_name': 'APPLICO EMPOWERMENT TRUST', 'physical_street_number': '', 'email': 'jroux@sars.gov.za', 'physical_street': '32nd ave', 'physical_city': 'Villieria', 'trust_type': 'INTER_VIVOS', 'postal_address_line1': '281', 'tax_number': '1122972233', 'postal_address_line4': 'PRETORIA', 'trust_reg_number': 'IT1991/2019(T)', 'cell_number': '0827815591', 'physical_suburb': 'Villieria', 'physical_unit_number': '', 'postal_address_line2': '32nd ave', 'postal_code': '0186'}
---- FORM SUBMISSION RECEIVED ----
request.form: {'trust_reg_number': 'IT47657/00', 'trust_name': 'ATAVIA TRUST', 'tax_number': '2284025141', 'nature_of_person': 'INTERVIVOS_TRUST', 'trust_type': 'INTER_VIVOS', 'residency': 'ZA', 'masters_office': 'Pretoria', 'physical_unit_number': '', 'physical_complex': '', 'physical_street_number': '', 'physical_street': '32nd ave', 'physical_suburb': 'Villieria', 'physical_city': 'Villieria', 'physical_postal_code': '0186', 'postal_address_line1': '281', 'postal_address_line2': '32nd ave', 'postal_address_line3': 'PRETORIA', 'postal_address_line4': 'PRETORIA', 'postal_code': '0186', 'contact_number': '0827815591', 'cell_number': '0827815591', 'email': 'jroux@sars.gov.za'}
request.files: {}
request.content_type: application/x-www-form-urlencoded
request.data: b''
request.args: {}
request.values: {'postal_address_line3': 'PRETORIA', 'contact_number': '0827815591', 'nature_of_person': 'INTERVIVOS_TRUST', 'physical_postal_code': '0186', 'masters_office': 'Pretoria', 'physical_complex': '', 'residency': 'ZA', 'trust_name': 'ATAVIA TRUST', 'physical_street_number': '', 'email': 'jroux@sars.gov.za', 'physical_street': '32nd ave', 'physical_city': 'Villieria', 'trust_type': 'INTER_VIVOS', 'postal_address_line1': '281', 'tax_number': '2284025141', 'postal_address_line4': 'PRETORIA', 'trust_reg_number': 'IT47657/00', 'cell_number': '0827815591', 'physical_suburb': 'Villieria', 'physical_unit_number': '', 'postal_address_line2': '32nd ave', 'postal_code': '0186'}
---- FORM SUBMISSION RECEIVED ----
request.form: {'trust_reg_number': 'IT10081/99', 'trust_name': 'ATHENA TRUST', 'tax_number': '0140160649', 'nature_of_person': '', 'trust_type': 'INTER_VIVOS', 'residency': 'ZA', 'masters_office': 'PRETORIA', 'physical_unit_number': '', 'physical_complex': '', 'physical_street_number': '281', 'physical_street': '32ND AVE', 'physical_suburb': 'VILLIERIA', 'physical_city': 'PRETORIA', 'physical_postal_code': '0186', 'postal_address_line1': '32ND AVE', 'postal_address_line2': 'VILLIERIA', 'postal_address_line3': 'PRETORIA', 'postal_address_line4': '', 'postal_code': '0186', 'postal_same_as_physical': 'on', 'contact_number': '0827815591', 'cell_number': '0823714777', 'email': 'TAX@ROSSPIENAAR.CO.ZA'}
request.files: {}
request.content_type: application/x-www-form-urlencoded
request.data: b''
request.args: {}
request.values: {'physical_street': '32ND AVE', 'physical_suburb': 'VILLIERIA', 'physical_city': 'PRETORIA', 'physical_unit_number': '', 'physical_postal_code': '0186', 'postal_address_line2': 'VILLIERIA', 'tax_number': '0140160649', 'masters_office': 'PRETORIA', 'physical_complex': '', 'email': 'TAX@ROSSPIENAAR.CO.ZA', 'trust_name': 'ATHENA TRUST', 'nature_of_person': '', 'trust_type': 'INTER_VIVOS', 'physical_street_number': '281', 'postal_code': '0186', 'postal_address_line3': 'PRETORIA', 'postal_same_as_physical': 'on', 'postal_address_line4': '', 'trust_reg_number': 'IT10081/99', 'residency': 'ZA', 'postal_address_line1': '32ND AVE', 'contact_number': '0827815591', 'cell_number': '0823714777'}
---- FORM SUBMISSION RECEIVED ----
request.form: {'trust_reg_number': 'IT1226/98', 'trust_name': 'B P BUITENDACH TRUST', 'tax_number': '0683009641', 'nature_of_person': 'INTERVIVOS_TRUST', 'trust_type': 'INTER_VIVOS', 'residency': 'ZA', 'masters_office': 'PRETORIA', 'physical_unit_number': '', 'physical_complex': '', 'physical_street_number': '123', 'physical_street': 'STREET', 'physical_suburb': 'SUBURB', 'physical_city': 'CITY', 'physical_postal_code': '0000', 'postal_address_line1': 'STREET', 'postal_address_line2': 'SUBURB', 'postal_address_line3': 'CITY', 'postal_address_line4': '', 'postal_code': '0000', 'postal_same_as_physical': 'on', 'contact_number': '0827815591', 'cell_number': '0827815591', 'email': 'tax@rosspienaar.co.za'}
request.files: {}
request.content_type: application/x-www-form-urlencoded
request.data: b''
request.args: {}
request.values: {'physical_street': 'STREET', 'physical_suburb': 'SUBURB', 'physical_city': 'CITY', 'physical_unit_number': '', 'physical_postal_code': '0000', 'postal_address_line2': 'SUBURB', 'tax_number': '0683009641', 'masters_office': 'PRETORIA', 'physical_complex': '', 'email': 'tax@rosspienaar.co.za', 'trust_name': 'B P BUITENDACH TRUST', 'nature_of_person': 'INTERVIVOS_TRUST', 'trust_type': 'INTER_VIVOS', 'physical_street_number': '123', 'postal_code': '0000', 'postal_address_line3': 'CITY', 'postal_same_as_physical': 'on', 'postal_address_line4': '', 'trust_reg_number': 'IT1226/98', 'residency': 'ZA', 'postal_address_line1': 'STREET', 'contact_number': '0827815591', 'cell_number': '0827815591'}
---- FORM SUBMISSION RECEIVED ----
request.form: {'trust_reg_number': 'IT1991/2019(T)', 'trust_name': 'APPLICO EMPOWERMENT TRUST', 'tax_number': '1122972233', 'nature_of_person': 'INTERVIVOS_TRUST', 'trust_type': 'OTHER', 'residency': 'ZA', 'masters_office': 'Pretoria', 'physical_unit_number': '', 'physical_complex': '', 'physical_street_number': '', 'physical_street': '32nd ave', 'physical_suburb': 'Villieria', 'physical_city': 'Villieria', 'physical_postal_code': '0186', 'postal_address_line1': '281', 'postal_address_line2': '32nd ave', 'postal_address_line3': 'PRETORIA', 'postal_address_line4': 'PRETORIA', 'postal_code': '0186', 'contact_number': '0827815591', 'cell_number': '0827815591', 'email': 'jroux@sars.gov.za'}
request.files: {}
request.content_type: application/x-www-form-urlencoded
request.data: b''
request.args: {}
request.values: {'physical_street': '32nd ave', 'physical_suburb': 'Villieria', 'physical_city': 'Villieria', 'physical_unit_number': '', 'physical_postal_code': '0186', 'postal_address_line2': '32nd ave', 'tax_number': '1122972233', 'masters_office': 'Pretoria', 'physical_complex': '', 'email': 'jroux@sars.gov.za', 'trust_name': 'APPLICO EMPOWERMENT TRUST', 'nature_of_person': 'INTERVIVOS_TRUST', 'trust_type': 'OTHER', 'physical_street_number': '', 'postal_code': '0186', 'postal_address_line3': 'PRETORIA', 'postal_address_line4': 'PRETORIA', 'trust_reg_number': 'IT1991/2019(T)', 'residency': 'ZA', 'postal_address_line1': '281', 'contact_number': '0827815591', 'cell_number': '0827815591'}
---- FORM SUBMISSION RECEIVED ----
request.form: {'trust_reg_number': '131112/2025', 'trust_name': 'ABCD TRUST', 'tax_number': '2222222222', 'nature_of_person': 'INTERVIVOS_TRUST', 'trust_type': 'OTHER', 'residency': 'ZA', 'masters_office': 'Pretoria', 'physical_unit_number': '', 'physical_complex': '', 'physical_street_number': '', 'physical_street': '32nd ave', 'physical_suburb': 'Villieria', 'physical_city': 'Villieria', 'physical_postal_code': '0186', 'postal_address_line1': '32nd ave', 'postal_address_line2': 'Villieria', 'postal_address_line3': 'Villieria', 'postal_address_line4': 'PRETORIA', 'postal_code': '0186', 'contact_number': '0827815591', 'cell_number': '0827815591', 'email': 'jroux@sars.gov.za'}
request.files: {}
request.content_type: application/x-www-form-urlencoded
request.data: b''
request.args: {}
request.values: {'postal_address_line3': 'Villieria', 'postal_address_line2': 'Villieria', 'contact_number': '0827815591', 'cell_number': '0827815591', 'physical_complex': '', 'postal_address_line4': 'PRETORIA', 'nature_of_person': 'INTERVIVOS_TRUST', 'email': 'jroux@sars.gov.za', 'tax_number': '2222222222', 'physical_street': '32nd ave', 'physical_street_number': '', 'physical_unit_number': '', 'residency': 'ZA', 'trust_name': 'ABCD TRUST', 'physical_postal_code': '0186', 'physical_suburb': 'Villieria', 'postal_address_line1': '32nd ave', 'trust_type': 'OTHER', 'postal_code': '0186', 'physical_city': 'Villieria', 'trust_reg_number': '131112/2025', 'masters_office': 'Pretoria'}
---- FORM SUBMISSION RECEIVED ----
request.form: {'trust_reg_number': 'IT12182/83', 'trust_name': 'B J ROBBERTSE TRUST', 'tax_number': '0077015642', 'nature_of_person': 'INTERVIVOS_TRUST', 'trust_type': 'INTER_VIVOS', 'residency': 'ZA', 'masters_office': 'Pretoria', 'physical_unit_number': '', 'physical_complex': '', 'physical_street_number': '281', 'physical_street': '32nd ave', 'physical_suburb': 'Villieria', 'physical_city': 'Pretoria', 'physical_postal_code': '0186', 'postal_address_line1': '32nd ave', 'postal_address_line2': 'Villieria', 'postal_address_line3': 'Pretoria', 'postal_address_line4': '', 'postal_code': '0186', 'postal_same_as_physical': 'on', 'contact_number': '0827815591', 'cell_number': '0827815591', 'email': 'jroux@sars.gov.za'}
request.files: {}
request.content_type: application/x-www-form-urlencoded
request.data: b''
request.args: {}
request.values: {'postal_address_line2': 'Villieria', 'physical_city': 'Pretoria', 'cell_number': '0827815591', 'postal_same_as_physical': 'on', 'trust_type': 'INTER_VIVOS', 'tax_number': '0077015642', 'physical_suburb': 'Villieria', 'postal_address_line3': 'Pretoria', 'postal_code': '0186', 'email': 'jroux@sars.gov.za', 'physical_street': '32nd ave', 'residency': 'ZA', 'postal_address_line1': '32nd ave', 'postal_address_line4': '', 'masters_office': 'Pretoria', 'physical_street_number': '281', 'physical_complex': '', 'nature_of_person': 'INTERVIVOS_TRUST', 'trust_reg_number': 'IT12182/83', 'contact_number': '0827815591', 'physical_unit_number': '', 'physical_postal_code': '0186', 'trust_name': 'B J ROBBERTSE TRUST'}
